<?xml version="1.0" encoding="UTF-8"?>
<testsuites>
  <testsuite name="" tests="177" assertions="317" errors="0" warnings="0" failures="0" skipped="0" time="0.201271">
    <testsuite name="Project Test Suite" tests="177" assertions="317" errors="0" warnings="0" failures="0" skipped="0" time="0.201271">
      <testsuite name="AdminControllerTest" file="/home/ninja/Ninjastic/backend/app/tests/Controller/Admin/AdminControllerTest.php" tests="4" assertions="4" errors="0" warnings="0" failures="0" skipped="0" time="0.030975">
        <testcase name="testIsAdminWhenAdmin" class="AdminControllerTest" classname="AdminControllerTest" file="/home/ninja/Ninjastic/backend/app/tests/Controller/Admin/AdminControllerTest.php" line="32" assertions="1" time="0.027698"/>
        <testcase name="testIsAdminWhenNotAdmin" class="AdminControllerTest" classname="AdminControllerTest" file="/home/ninja/Ninjastic/backend/app/tests/Controller/Admin/AdminControllerTest.php" line="39" assertions="1" time="0.000896"/>
        <testcase name="testSetAdminHtmlDetails" class="AdminControllerTest" classname="AdminControllerTest" file="/home/ninja/Ninjastic/backend/app/tests/Controller/Admin/AdminControllerTest.php" line="44" assertions="1" time="0.001602"/>
        <testcase name="testSetFormType" class="AdminControllerTest" classname="AdminControllerTest" file="/home/ninja/Ninjastic/backend/app/tests/Controller/Admin/AdminControllerTest.php" line="56" assertions="1" time="0.000779"/>
      </testsuite>
      <testsuite name="App\Tests\Controller\Admin\AdminsControllerTest" file="/home/ninja/Ninjastic/backend/app/tests/Controller/Admin/AdminsControllerTest.php" tests="17" assertions="32" errors="0" warnings="0" failures="0" skipped="0" time="0.043087">
        <testcase name="testIndexWhenAdmin" class="App\Tests\Controller\Admin\AdminsControllerTest" classname="App.Tests.Controller.Admin.AdminsControllerTest" file="/home/ninja/Ninjastic/backend/app/tests/Controller/Admin/AdminsControllerTest.php" line="44" assertions="3" time="0.029174"/>
        <testcase name="testIndexWhenNotAdmin" class="App\Tests\Controller\Admin\AdminsControllerTest" classname="App.Tests.Controller.Admin.AdminsControllerTest" file="/home/ninja/Ninjastic/backend/app/tests/Controller/Admin/AdminsControllerTest.php" line="67" assertions="2" time="0.001610"/>
        <testcase name="testCreateWhenNotAdmin" class="App\Tests\Controller\Admin\AdminsControllerTest" classname="App.Tests.Controller.Admin.AdminsControllerTest" file="/home/ninja/Ninjastic/backend/app/tests/Controller/Admin/AdminsControllerTest.php" line="79" assertions="2" time="0.000669"/>
        <testcase name="testCreateGetRequest" class="App\Tests\Controller\Admin\AdminsControllerTest" classname="App.Tests.Controller.Admin.AdminsControllerTest" file="/home/ninja/Ninjastic/backend/app/tests/Controller/Admin/AdminsControllerTest.php" line="91" assertions="2" time="0.001324"/>
        <testcase name="testCreatePostRequestStayOnPage" class="App\Tests\Controller\Admin\AdminsControllerTest" classname="App.Tests.Controller.Admin.AdminsControllerTest" file="/home/ninja/Ninjastic/backend/app/tests/Controller/Admin/AdminsControllerTest.php" line="105" assertions="2" time="0.001153"/>
        <testcase name="testCreatePostRequestNotStayOnPage" class="App\Tests\Controller\Admin\AdminsControllerTest" classname="App.Tests.Controller.Admin.AdminsControllerTest" file="/home/ninja/Ninjastic/backend/app/tests/Controller/Admin/AdminsControllerTest.php" line="130" assertions="2" time="0.000829"/>
        <testcase name="testCreatePostRequestHasError" class="App\Tests\Controller\Admin\AdminsControllerTest" classname="App.Tests.Controller.Admin.AdminsControllerTest" file="/home/ninja/Ninjastic/backend/app/tests/Controller/Admin/AdminsControllerTest.php" line="155" assertions="2" time="0.000743"/>
        <testcase name="testEditWhenNotAdmin" class="App\Tests\Controller\Admin\AdminsControllerTest" classname="App.Tests.Controller.Admin.AdminsControllerTest" file="/home/ninja/Ninjastic/backend/app/tests/Controller/Admin/AdminsControllerTest.php" line="179" assertions="2" time="0.000512"/>
        <testcase name="testEditGetRequestNotFindEntity" class="App\Tests\Controller\Admin\AdminsControllerTest" classname="App.Tests.Controller.Admin.AdminsControllerTest" file="/home/ninja/Ninjastic/backend/app/tests/Controller/Admin/AdminsControllerTest.php" line="194" assertions="2" time="0.000587"/>
        <testcase name="testEditGetRequestFindEntity" class="App\Tests\Controller\Admin\AdminsControllerTest" classname="App.Tests.Controller.Admin.AdminsControllerTest" file="/home/ninja/Ninjastic/backend/app/tests/Controller/Admin/AdminsControllerTest.php" line="211" assertions="2" time="0.000874"/>
        <testcase name="testEditPostRequestStayOnPage" class="App\Tests\Controller\Admin\AdminsControllerTest" classname="App.Tests.Controller.Admin.AdminsControllerTest" file="/home/ninja/Ninjastic/backend/app/tests/Controller/Admin/AdminsControllerTest.php" line="233" assertions="2" time="0.000885"/>
        <testcase name="testEditPostRequestHasError" class="App\Tests\Controller\Admin\AdminsControllerTest" classname="App.Tests.Controller.Admin.AdminsControllerTest" file="/home/ninja/Ninjastic/backend/app/tests/Controller/Admin/AdminsControllerTest.php" line="261" assertions="2" time="0.000742"/>
        <testcase name="testEditPostRequestNotStayOnPage" class="App\Tests\Controller\Admin\AdminsControllerTest" classname="App.Tests.Controller.Admin.AdminsControllerTest" file="/home/ninja/Ninjastic/backend/app/tests/Controller/Admin/AdminsControllerTest.php" line="288" assertions="2" time="0.000603"/>
        <testcase name="testDeleteWhenNotAdmin" class="App\Tests\Controller\Admin\AdminsControllerTest" classname="App.Tests.Controller.Admin.AdminsControllerTest" file="/home/ninja/Ninjastic/backend/app/tests/Controller/Admin/AdminsControllerTest.php" line="315" assertions="1" time="0.001450"/>
        <testcase name="testDeleteInvalidRequest" class="App\Tests\Controller\Admin\AdminsControllerTest" classname="App.Tests.Controller.Admin.AdminsControllerTest" file="/home/ninja/Ninjastic/backend/app/tests/Controller/Admin/AdminsControllerTest.php" line="323" assertions="1" time="0.000508"/>
        <testcase name="testDeleteNonExistingEntity" class="App\Tests\Controller\Admin\AdminsControllerTest" classname="App.Tests.Controller.Admin.AdminsControllerTest" file="/home/ninja/Ninjastic/backend/app/tests/Controller/Admin/AdminsControllerTest.php" line="332" assertions="1" time="0.000526"/>
        <testcase name="testDeleteSuccessful" class="App\Tests\Controller\Admin\AdminsControllerTest" classname="App.Tests.Controller.Admin.AdminsControllerTest" file="/home/ninja/Ninjastic/backend/app/tests/Controller/Admin/AdminsControllerTest.php" line="342" assertions="2" time="0.000898"/>
      </testsuite>
      <testsuite name="App\Tests\Controller\Admin\CommentsControllerTest" file="/home/ninja/Ninjastic/backend/app/tests/Controller/Admin/CommentsControllerTest.php" tests="17" assertions="33" errors="0" warnings="0" failures="0" skipped="0" time="0.026943">
        <testcase name="testIndexWhenAdmin" class="App\Tests\Controller\Admin\CommentsControllerTest" classname="App.Tests.Controller.Admin.CommentsControllerTest" file="/home/ninja/Ninjastic/backend/app/tests/Controller/Admin/CommentsControllerTest.php" line="52" assertions="3" time="0.008073"/>
        <testcase name="testIndexWhenNotAdmin" class="App\Tests\Controller\Admin\CommentsControllerTest" classname="App.Tests.Controller.Admin.CommentsControllerTest" file="/home/ninja/Ninjastic/backend/app/tests/Controller/Admin/CommentsControllerTest.php" line="75" assertions="2" time="0.001001"/>
        <testcase name="testCreateWhenNotAdmin" class="App\Tests\Controller\Admin\CommentsControllerTest" classname="App.Tests.Controller.Admin.CommentsControllerTest" file="/home/ninja/Ninjastic/backend/app/tests/Controller/Admin/CommentsControllerTest.php" line="87" assertions="2" time="0.000859"/>
        <testcase name="testCreateGetRequest" class="App\Tests\Controller\Admin\CommentsControllerTest" classname="App.Tests.Controller.Admin.CommentsControllerTest" file="/home/ninja/Ninjastic/backend/app/tests/Controller/Admin/CommentsControllerTest.php" line="99" assertions="2" time="0.001540"/>
        <testcase name="testCreatePostRequestStayOnPage" class="App\Tests\Controller\Admin\CommentsControllerTest" classname="App.Tests.Controller.Admin.CommentsControllerTest" file="/home/ninja/Ninjastic/backend/app/tests/Controller/Admin/CommentsControllerTest.php" line="113" assertions="3" time="0.002738"/>
        <testcase name="testCreatePostRequestNotStayOnPage" class="App\Tests\Controller\Admin\CommentsControllerTest" classname="App.Tests.Controller.Admin.CommentsControllerTest" file="/home/ninja/Ninjastic/backend/app/tests/Controller/Admin/CommentsControllerTest.php" line="142" assertions="2" time="0.001255"/>
        <testcase name="testCreatePostRequestHasError" class="App\Tests\Controller\Admin\CommentsControllerTest" classname="App.Tests.Controller.Admin.CommentsControllerTest" file="/home/ninja/Ninjastic/backend/app/tests/Controller/Admin/CommentsControllerTest.php" line="167" assertions="2" time="0.001340"/>
        <testcase name="testEditWhenNotAdmin" class="App\Tests\Controller\Admin\CommentsControllerTest" classname="App.Tests.Controller.Admin.CommentsControllerTest" file="/home/ninja/Ninjastic/backend/app/tests/Controller/Admin/CommentsControllerTest.php" line="191" assertions="2" time="0.000893"/>
        <testcase name="testEditGetRequestNotFindEntity" class="App\Tests\Controller\Admin\CommentsControllerTest" classname="App.Tests.Controller.Admin.CommentsControllerTest" file="/home/ninja/Ninjastic/backend/app/tests/Controller/Admin/CommentsControllerTest.php" line="206" assertions="2" time="0.000888"/>
        <testcase name="testEditGetRequestFindEntity" class="App\Tests\Controller\Admin\CommentsControllerTest" classname="App.Tests.Controller.Admin.CommentsControllerTest" file="/home/ninja/Ninjastic/backend/app/tests/Controller/Admin/CommentsControllerTest.php" line="223" assertions="2" time="0.001213"/>
        <testcase name="testEditPostRequestStayOnPage" class="App\Tests\Controller\Admin\CommentsControllerTest" classname="App.Tests.Controller.Admin.CommentsControllerTest" file="/home/ninja/Ninjastic/backend/app/tests/Controller/Admin/CommentsControllerTest.php" line="245" assertions="2" time="0.001257"/>
        <testcase name="testEditPostRequestHasError" class="App\Tests\Controller\Admin\CommentsControllerTest" classname="App.Tests.Controller.Admin.CommentsControllerTest" file="/home/ninja/Ninjastic/backend/app/tests/Controller/Admin/CommentsControllerTest.php" line="273" assertions="2" time="0.001258"/>
        <testcase name="testEditPostRequestNotStayOnPage" class="App\Tests\Controller\Admin\CommentsControllerTest" classname="App.Tests.Controller.Admin.CommentsControllerTest" file="/home/ninja/Ninjastic/backend/app/tests/Controller/Admin/CommentsControllerTest.php" line="300" assertions="2" time="0.001398"/>
        <testcase name="testDeleteWhenNotAdmin" class="App\Tests\Controller\Admin\CommentsControllerTest" classname="App.Tests.Controller.Admin.CommentsControllerTest" file="/home/ninja/Ninjastic/backend/app/tests/Controller/Admin/CommentsControllerTest.php" line="327" assertions="1" time="0.000719"/>
        <testcase name="testDeleteInvalidRequest" class="App\Tests\Controller\Admin\CommentsControllerTest" classname="App.Tests.Controller.Admin.CommentsControllerTest" file="/home/ninja/Ninjastic/backend/app/tests/Controller/Admin/CommentsControllerTest.php" line="335" assertions="1" time="0.000653"/>
        <testcase name="testDeleteNonExistingEntity" class="App\Tests\Controller\Admin\CommentsControllerTest" classname="App.Tests.Controller.Admin.CommentsControllerTest" file="/home/ninja/Ninjastic/backend/app/tests/Controller/Admin/CommentsControllerTest.php" line="344" assertions="1" time="0.000801"/>
        <testcase name="testDeleteSuccessful" class="App\Tests\Controller\Admin\CommentsControllerTest" classname="App.Tests.Controller.Admin.CommentsControllerTest" file="/home/ninja/Ninjastic/backend/app/tests/Controller/Admin/CommentsControllerTest.php" line="354" assertions="2" time="0.001057"/>
      </testsuite>
      <testsuite name="App\Tests\Controller\Admin\DashboardControllerTest" file="/home/ninja/Ninjastic/backend/app/tests/Controller/Admin/DashboardControllerTest.php" tests="2" assertions="4" errors="0" warnings="0" failures="0" skipped="0" time="0.003882">
        <testcase name="testIndexWhenAdmin" class="App\Tests\Controller\Admin\DashboardControllerTest" classname="App.Tests.Controller.Admin.DashboardControllerTest" file="/home/ninja/Ninjastic/backend/app/tests/Controller/Admin/DashboardControllerTest.php" line="38" assertions="2" time="0.003311"/>
        <testcase name="testIndexWhenNotAdmin" class="App\Tests\Controller\Admin\DashboardControllerTest" classname="App.Tests.Controller.Admin.DashboardControllerTest" file="/home/ninja/Ninjastic/backend/app/tests/Controller/Admin/DashboardControllerTest.php" line="50" assertions="2" time="0.000571"/>
      </testsuite>
      <testsuite name="App\Tests\Controller\Admin\DirtyWordsControllerTest" file="/home/ninja/Ninjastic/backend/app/tests/Controller/Admin/DirtyWordsControllerTest.php" tests="17" assertions="32" errors="0" warnings="0" failures="0" skipped="0" time="0.014401">
        <testcase name="testIndexWhenAdmin" class="App\Tests\Controller\Admin\DirtyWordsControllerTest" classname="App.Tests.Controller.Admin.DirtyWordsControllerTest" file="/home/ninja/Ninjastic/backend/app/tests/Controller/Admin/DirtyWordsControllerTest.php" line="48" assertions="3" time="0.002941"/>
        <testcase name="testIndexWhenNotAdmin" class="App\Tests\Controller\Admin\DirtyWordsControllerTest" classname="App.Tests.Controller.Admin.DirtyWordsControllerTest" file="/home/ninja/Ninjastic/backend/app/tests/Controller/Admin/DirtyWordsControllerTest.php" line="71" assertions="2" time="0.000594"/>
        <testcase name="testCreateWhenNotAdmin" class="App\Tests\Controller\Admin\DirtyWordsControllerTest" classname="App.Tests.Controller.Admin.DirtyWordsControllerTest" file="/home/ninja/Ninjastic/backend/app/tests/Controller/Admin/DirtyWordsControllerTest.php" line="83" assertions="2" time="0.000537"/>
        <testcase name="testCreateGetRequest" class="App\Tests\Controller\Admin\DirtyWordsControllerTest" classname="App.Tests.Controller.Admin.DirtyWordsControllerTest" file="/home/ninja/Ninjastic/backend/app/tests/Controller/Admin/DirtyWordsControllerTest.php" line="95" assertions="2" time="0.001052"/>
        <testcase name="testCreatePostRequestStayOnPage" class="App\Tests\Controller\Admin\DirtyWordsControllerTest" classname="App.Tests.Controller.Admin.DirtyWordsControllerTest" file="/home/ninja/Ninjastic/backend/app/tests/Controller/Admin/DirtyWordsControllerTest.php" line="109" assertions="2" time="0.001258"/>
        <testcase name="testCreatePostRequestNotStayOnPage" class="App\Tests\Controller\Admin\DirtyWordsControllerTest" classname="App.Tests.Controller.Admin.DirtyWordsControllerTest" file="/home/ninja/Ninjastic/backend/app/tests/Controller/Admin/DirtyWordsControllerTest.php" line="134" assertions="2" time="0.000773"/>
        <testcase name="testCreatePostRequestHasError" class="App\Tests\Controller\Admin\DirtyWordsControllerTest" classname="App.Tests.Controller.Admin.DirtyWordsControllerTest" file="/home/ninja/Ninjastic/backend/app/tests/Controller/Admin/DirtyWordsControllerTest.php" line="159" assertions="2" time="0.000667"/>
        <testcase name="testEditWhenNotAdmin" class="App\Tests\Controller\Admin\DirtyWordsControllerTest" classname="App.Tests.Controller.Admin.DirtyWordsControllerTest" file="/home/ninja/Ninjastic/backend/app/tests/Controller/Admin/DirtyWordsControllerTest.php" line="183" assertions="2" time="0.000546"/>
        <testcase name="testEditGetRequestNotFindEntity" class="App\Tests\Controller\Admin\DirtyWordsControllerTest" classname="App.Tests.Controller.Admin.DirtyWordsControllerTest" file="/home/ninja/Ninjastic/backend/app/tests/Controller/Admin/DirtyWordsControllerTest.php" line="198" assertions="2" time="0.000549"/>
        <testcase name="testEditGetRequestFindEntity" class="App\Tests\Controller\Admin\DirtyWordsControllerTest" classname="App.Tests.Controller.Admin.DirtyWordsControllerTest" file="/home/ninja/Ninjastic/backend/app/tests/Controller/Admin/DirtyWordsControllerTest.php" line="215" assertions="2" time="0.000650"/>
        <testcase name="testEditPostRequestStayOnPage" class="App\Tests\Controller\Admin\DirtyWordsControllerTest" classname="App.Tests.Controller.Admin.DirtyWordsControllerTest" file="/home/ninja/Ninjastic/backend/app/tests/Controller/Admin/DirtyWordsControllerTest.php" line="237" assertions="2" time="0.000841"/>
        <testcase name="testEditPostRequestHasError" class="App\Tests\Controller\Admin\DirtyWordsControllerTest" classname="App.Tests.Controller.Admin.DirtyWordsControllerTest" file="/home/ninja/Ninjastic/backend/app/tests/Controller/Admin/DirtyWordsControllerTest.php" line="265" assertions="2" time="0.000905"/>
        <testcase name="testEditPostRequestNotStayOnPage" class="App\Tests\Controller\Admin\DirtyWordsControllerTest" classname="App.Tests.Controller.Admin.DirtyWordsControllerTest" file="/home/ninja/Ninjastic/backend/app/tests/Controller/Admin/DirtyWordsControllerTest.php" line="292" assertions="2" time="0.000855"/>
        <testcase name="testDeleteWhenNotAdmin" class="App\Tests\Controller\Admin\DirtyWordsControllerTest" classname="App.Tests.Controller.Admin.DirtyWordsControllerTest" file="/home/ninja/Ninjastic/backend/app/tests/Controller/Admin/DirtyWordsControllerTest.php" line="319" assertions="1" time="0.000429"/>
        <testcase name="testDeleteInvalidRequest" class="App\Tests\Controller\Admin\DirtyWordsControllerTest" classname="App.Tests.Controller.Admin.DirtyWordsControllerTest" file="/home/ninja/Ninjastic/backend/app/tests/Controller/Admin/DirtyWordsControllerTest.php" line="327" assertions="1" time="0.000408"/>
        <testcase name="testDeleteNonExistingEntity" class="App\Tests\Controller\Admin\DirtyWordsControllerTest" classname="App.Tests.Controller.Admin.DirtyWordsControllerTest" file="/home/ninja/Ninjastic/backend/app/tests/Controller/Admin/DirtyWordsControllerTest.php" line="336" assertions="1" time="0.000532"/>
        <testcase name="testDeleteSuccessful" class="App\Tests\Controller\Admin\DirtyWordsControllerTest" classname="App.Tests.Controller.Admin.DirtyWordsControllerTest" file="/home/ninja/Ninjastic/backend/app/tests/Controller/Admin/DirtyWordsControllerTest.php" line="346" assertions="2" time="0.000863"/>
      </testsuite>
      <testsuite name="App\Tests\Controller\Admin\LoginControllerTest" file="/home/ninja/Ninjastic/backend/app/tests/Controller/Admin/LoginControllerTest.php" tests="4" assertions="8" errors="0" warnings="0" failures="0" skipped="0" time="0.003434">
        <testcase name="testIndexWhenNotAdmin" class="App\Tests\Controller\Admin\LoginControllerTest" classname="App.Tests.Controller.Admin.LoginControllerTest" file="/home/ninja/Ninjastic/backend/app/tests/Controller/Admin/LoginControllerTest.php" line="42" assertions="2" time="0.001788"/>
        <testcase name="testIndexWhenNotAdminWithPostAndIsAdmin" class="App\Tests\Controller\Admin\LoginControllerTest" classname="App.Tests.Controller.Admin.LoginControllerTest" file="/home/ninja/Ninjastic/backend/app/tests/Controller/Admin/LoginControllerTest.php" line="54" assertions="2" time="0.000724"/>
        <testcase name="testIndexWhenNotAdminWithPostAndNotAdmin" class="App\Tests\Controller\Admin\LoginControllerTest" classname="App.Tests.Controller.Admin.LoginControllerTest" file="/home/ninja/Ninjastic/backend/app/tests/Controller/Admin/LoginControllerTest.php" line="72" assertions="2" time="0.000564"/>
        <testcase name="testIndexWhenLogged" class="App\Tests\Controller\Admin\LoginControllerTest" classname="App.Tests.Controller.Admin.LoginControllerTest" file="/home/ninja/Ninjastic/backend/app/tests/Controller/Admin/LoginControllerTest.php" line="89" assertions="2" time="0.000358"/>
      </testsuite>
      <testsuite name="App\Tests\Controller\Admin\TopicsControllerTest" file="/home/ninja/Ninjastic/backend/app/tests/Controller/Admin/TopicsControllerTest.php" tests="17" assertions="32" errors="0" warnings="0" failures="0" skipped="0" time="0.016406">
        <testcase name="testIndexWhenAdmin" class="App\Tests\Controller\Admin\TopicsControllerTest" classname="App.Tests.Controller.Admin.TopicsControllerTest" file="/home/ninja/Ninjastic/backend/app/tests/Controller/Admin/TopicsControllerTest.php" line="52" assertions="3" time="0.004804"/>
        <testcase name="testIndexWhenNotAdmin" class="App\Tests\Controller\Admin\TopicsControllerTest" classname="App.Tests.Controller.Admin.TopicsControllerTest" file="/home/ninja/Ninjastic/backend/app/tests/Controller/Admin/TopicsControllerTest.php" line="75" assertions="2" time="0.000611"/>
        <testcase name="testCreateWhenNotAdmin" class="App\Tests\Controller\Admin\TopicsControllerTest" classname="App.Tests.Controller.Admin.TopicsControllerTest" file="/home/ninja/Ninjastic/backend/app/tests/Controller/Admin/TopicsControllerTest.php" line="87" assertions="2" time="0.000525"/>
        <testcase name="testCreateGetRequest" class="App\Tests\Controller\Admin\TopicsControllerTest" classname="App.Tests.Controller.Admin.TopicsControllerTest" file="/home/ninja/Ninjastic/backend/app/tests/Controller/Admin/TopicsControllerTest.php" line="99" assertions="2" time="0.001312"/>
        <testcase name="testCreatePostRequestStayOnPage" class="App\Tests\Controller\Admin\TopicsControllerTest" classname="App.Tests.Controller.Admin.TopicsControllerTest" file="/home/ninja/Ninjastic/backend/app/tests/Controller/Admin/TopicsControllerTest.php" line="113" assertions="2" time="0.001203"/>
        <testcase name="testCreatePostRequestNotStayOnPage" class="App\Tests\Controller\Admin\TopicsControllerTest" classname="App.Tests.Controller.Admin.TopicsControllerTest" file="/home/ninja/Ninjastic/backend/app/tests/Controller/Admin/TopicsControllerTest.php" line="138" assertions="2" time="0.000716"/>
        <testcase name="testCreatePostRequestHasError" class="App\Tests\Controller\Admin\TopicsControllerTest" classname="App.Tests.Controller.Admin.TopicsControllerTest" file="/home/ninja/Ninjastic/backend/app/tests/Controller/Admin/TopicsControllerTest.php" line="163" assertions="2" time="0.000829"/>
        <testcase name="testEditWhenNotAdmin" class="App\Tests\Controller\Admin\TopicsControllerTest" classname="App.Tests.Controller.Admin.TopicsControllerTest" file="/home/ninja/Ninjastic/backend/app/tests/Controller/Admin/TopicsControllerTest.php" line="187" assertions="2" time="0.000557"/>
        <testcase name="testEditGetRequestNotFindEntity" class="App\Tests\Controller\Admin\TopicsControllerTest" classname="App.Tests.Controller.Admin.TopicsControllerTest" file="/home/ninja/Ninjastic/backend/app/tests/Controller/Admin/TopicsControllerTest.php" line="202" assertions="2" time="0.000621"/>
        <testcase name="testEditGetRequestFindEntity" class="App\Tests\Controller\Admin\TopicsControllerTest" classname="App.Tests.Controller.Admin.TopicsControllerTest" file="/home/ninja/Ninjastic/backend/app/tests/Controller/Admin/TopicsControllerTest.php" line="219" assertions="2" time="0.000732"/>
        <testcase name="testEditPostRequestStayOnPage" class="App\Tests\Controller\Admin\TopicsControllerTest" classname="App.Tests.Controller.Admin.TopicsControllerTest" file="/home/ninja/Ninjastic/backend/app/tests/Controller/Admin/TopicsControllerTest.php" line="241" assertions="2" time="0.000800"/>
        <testcase name="testEditPostRequestHasError" class="App\Tests\Controller\Admin\TopicsControllerTest" classname="App.Tests.Controller.Admin.TopicsControllerTest" file="/home/ninja/Ninjastic/backend/app/tests/Controller/Admin/TopicsControllerTest.php" line="269" assertions="2" time="0.000914"/>
        <testcase name="testEditPostRequestNotStayOnPage" class="App\Tests\Controller\Admin\TopicsControllerTest" classname="App.Tests.Controller.Admin.TopicsControllerTest" file="/home/ninja/Ninjastic/backend/app/tests/Controller/Admin/TopicsControllerTest.php" line="296" assertions="2" time="0.000902"/>
        <testcase name="testDeleteWhenNotAdmin" class="App\Tests\Controller\Admin\TopicsControllerTest" classname="App.Tests.Controller.Admin.TopicsControllerTest" file="/home/ninja/Ninjastic/backend/app/tests/Controller/Admin/TopicsControllerTest.php" line="323" assertions="1" time="0.000413"/>
        <testcase name="testDeleteInvalidRequest" class="App\Tests\Controller\Admin\TopicsControllerTest" classname="App.Tests.Controller.Admin.TopicsControllerTest" file="/home/ninja/Ninjastic/backend/app/tests/Controller/Admin/TopicsControllerTest.php" line="331" assertions="1" time="0.000312"/>
        <testcase name="testDeleteNonExistingEntity" class="App\Tests\Controller\Admin\TopicsControllerTest" classname="App.Tests.Controller.Admin.TopicsControllerTest" file="/home/ninja/Ninjastic/backend/app/tests/Controller/Admin/TopicsControllerTest.php" line="340" assertions="1" time="0.000471"/>
        <testcase name="testDeleteSuccessful" class="App\Tests\Controller\Admin\TopicsControllerTest" classname="App.Tests.Controller.Admin.TopicsControllerTest" file="/home/ninja/Ninjastic/backend/app/tests/Controller/Admin/TopicsControllerTest.php" line="350" assertions="2" time="0.000683"/>
      </testsuite>
      <testsuite name="App\Tests\Controller\Admin\UsersControllerTest" file="/home/ninja/Ninjastic/backend/app/tests/Controller/Admin/UsersControllerTest.php" tests="17" assertions="32" errors="0" warnings="0" failures="0" skipped="0" time="0.016407">
        <testcase name="testIndexWhenAdmin" class="App\Tests\Controller\Admin\UsersControllerTest" classname="App.Tests.Controller.Admin.UsersControllerTest" file="/home/ninja/Ninjastic/backend/app/tests/Controller/Admin/UsersControllerTest.php" line="53" assertions="3" time="0.004673"/>
        <testcase name="testIndexWhenNotAdmin" class="App\Tests\Controller\Admin\UsersControllerTest" classname="App.Tests.Controller.Admin.UsersControllerTest" file="/home/ninja/Ninjastic/backend/app/tests/Controller/Admin/UsersControllerTest.php" line="76" assertions="2" time="0.000521"/>
        <testcase name="testCreateWhenNotAdmin" class="App\Tests\Controller\Admin\UsersControllerTest" classname="App.Tests.Controller.Admin.UsersControllerTest" file="/home/ninja/Ninjastic/backend/app/tests/Controller/Admin/UsersControllerTest.php" line="88" assertions="2" time="0.000497"/>
        <testcase name="testCreateGetRequest" class="App\Tests\Controller\Admin\UsersControllerTest" classname="App.Tests.Controller.Admin.UsersControllerTest" file="/home/ninja/Ninjastic/backend/app/tests/Controller/Admin/UsersControllerTest.php" line="100" assertions="2" time="0.001498"/>
        <testcase name="testCreatePostRequestStayOnPage" class="App\Tests\Controller\Admin\UsersControllerTest" classname="App.Tests.Controller.Admin.UsersControllerTest" file="/home/ninja/Ninjastic/backend/app/tests/Controller/Admin/UsersControllerTest.php" line="114" assertions="2" time="0.001226"/>
        <testcase name="testCreatePostRequestNotStayOnPage" class="App\Tests\Controller\Admin\UsersControllerTest" classname="App.Tests.Controller.Admin.UsersControllerTest" file="/home/ninja/Ninjastic/backend/app/tests/Controller/Admin/UsersControllerTest.php" line="139" assertions="2" time="0.000836"/>
        <testcase name="testCreatePostRequestHasError" class="App\Tests\Controller\Admin\UsersControllerTest" classname="App.Tests.Controller.Admin.UsersControllerTest" file="/home/ninja/Ninjastic/backend/app/tests/Controller/Admin/UsersControllerTest.php" line="164" assertions="2" time="0.000739"/>
        <testcase name="testEditWhenNotAdmin" class="App\Tests\Controller\Admin\UsersControllerTest" classname="App.Tests.Controller.Admin.UsersControllerTest" file="/home/ninja/Ninjastic/backend/app/tests/Controller/Admin/UsersControllerTest.php" line="188" assertions="2" time="0.000432"/>
        <testcase name="testEditGetRequestNotFindEntity" class="App\Tests\Controller\Admin\UsersControllerTest" classname="App.Tests.Controller.Admin.UsersControllerTest" file="/home/ninja/Ninjastic/backend/app/tests/Controller/Admin/UsersControllerTest.php" line="203" assertions="2" time="0.000595"/>
        <testcase name="testEditGetRequestFindEntity" class="App\Tests\Controller\Admin\UsersControllerTest" classname="App.Tests.Controller.Admin.UsersControllerTest" file="/home/ninja/Ninjastic/backend/app/tests/Controller/Admin/UsersControllerTest.php" line="220" assertions="2" time="0.000723"/>
        <testcase name="testEditPostRequestStayOnPage" class="App\Tests\Controller\Admin\UsersControllerTest" classname="App.Tests.Controller.Admin.UsersControllerTest" file="/home/ninja/Ninjastic/backend/app/tests/Controller/Admin/UsersControllerTest.php" line="242" assertions="2" time="0.000773"/>
        <testcase name="testEditPostRequestHasError" class="App\Tests\Controller\Admin\UsersControllerTest" classname="App.Tests.Controller.Admin.UsersControllerTest" file="/home/ninja/Ninjastic/backend/app/tests/Controller/Admin/UsersControllerTest.php" line="270" assertions="2" time="0.000853"/>
        <testcase name="testEditPostRequestNotStayOnPage" class="App\Tests\Controller\Admin\UsersControllerTest" classname="App.Tests.Controller.Admin.UsersControllerTest" file="/home/ninja/Ninjastic/backend/app/tests/Controller/Admin/UsersControllerTest.php" line="297" assertions="2" time="0.000745"/>
        <testcase name="testDeleteWhenNotAdmin" class="App\Tests\Controller\Admin\UsersControllerTest" classname="App.Tests.Controller.Admin.UsersControllerTest" file="/home/ninja/Ninjastic/backend/app/tests/Controller/Admin/UsersControllerTest.php" line="324" assertions="1" time="0.000477"/>
        <testcase name="testDeleteInvalidRequest" class="App\Tests\Controller\Admin\UsersControllerTest" classname="App.Tests.Controller.Admin.UsersControllerTest" file="/home/ninja/Ninjastic/backend/app/tests/Controller/Admin/UsersControllerTest.php" line="332" assertions="1" time="0.000434"/>
        <testcase name="testDeleteNonExistingEntity" class="App\Tests\Controller\Admin\UsersControllerTest" classname="App.Tests.Controller.Admin.UsersControllerTest" file="/home/ninja/Ninjastic/backend/app/tests/Controller/Admin/UsersControllerTest.php" line="341" assertions="1" time="0.000587"/>
        <testcase name="testDeleteSuccessful" class="App\Tests\Controller\Admin\UsersControllerTest" classname="App.Tests.Controller.Admin.UsersControllerTest" file="/home/ninja/Ninjastic/backend/app/tests/Controller/Admin/UsersControllerTest.php" line="351" assertions="2" time="0.000797"/>
      </testsuite>
      <testsuite name="AdminTest" file="/home/ninja/Ninjastic/backend/app/tests/Entity/AdminTest.php" tests="10" assertions="11" errors="0" warnings="0" failures="0" skipped="0" time="0.004370">
        <testcase name="testSetAndGetId" class="AdminTest" classname="AdminTest" file="/home/ninja/Ninjastic/backend/app/tests/Entity/AdminTest.php" line="15" assertions="1" time="0.000108"/>
        <testcase name="testSetAndGetName" class="AdminTest" classname="AdminTest" file="/home/ninja/Ninjastic/backend/app/tests/Entity/AdminTest.php" line="22" assertions="1" time="0.000091"/>
        <testcase name="testSetAndGetEmail" class="AdminTest" classname="AdminTest" file="/home/ninja/Ninjastic/backend/app/tests/Entity/AdminTest.php" line="29" assertions="1" time="0.000080"/>
        <testcase name="testSetAndGetStatus" class="AdminTest" classname="AdminTest" file="/home/ninja/Ninjastic/backend/app/tests/Entity/AdminTest.php" line="36" assertions="1" time="0.000062"/>
        <testcase name="testShowStatusText" class="AdminTest" classname="AdminTest" file="/home/ninja/Ninjastic/backend/app/tests/Entity/AdminTest.php" line="43" assertions="2" time="0.000081"/>
        <testcase name="testInvalidStatusException" class="AdminTest" classname="AdminTest" file="/home/ninja/Ninjastic/backend/app/tests/Entity/AdminTest.php" line="52" assertions="1" time="0.001382"/>
        <testcase name="testSetAndGetCreatedAt" class="AdminTest" classname="AdminTest" file="/home/ninja/Ninjastic/backend/app/tests/Entity/AdminTest.php" line="58" assertions="1" time="0.000119"/>
        <testcase name="testSetAndGetUpdatedAt" class="AdminTest" classname="AdminTest" file="/home/ninja/Ninjastic/backend/app/tests/Entity/AdminTest.php" line="65" assertions="1" time="0.000086"/>
        <testcase name="testSetAndGetPassword" class="AdminTest" classname="AdminTest" file="/home/ninja/Ninjastic/backend/app/tests/Entity/AdminTest.php" line="72" assertions="1" time="0.000073"/>
        <testcase name="testPasswordHash" class="AdminTest" classname="AdminTest" file="/home/ninja/Ninjastic/backend/app/tests/Entity/AdminTest.php" line="79" assertions="1" time="0.002287"/>
      </testsuite>
      <testsuite name="CommentTest" file="/home/ninja/Ninjastic/backend/app/tests/Entity/CommentTest.php" tests="10" assertions="11" errors="0" warnings="0" failures="0" skipped="0" time="0.001405">
        <testcase name="testSetAndGetId" class="CommentTest" classname="CommentTest" file="/home/ninja/Ninjastic/backend/app/tests/Entity/CommentTest.php" line="17" assertions="1" time="0.000134"/>
        <testcase name="testSetAndGetUser" class="CommentTest" classname="CommentTest" file="/home/ninja/Ninjastic/backend/app/tests/Entity/CommentTest.php" line="24" assertions="1" time="0.000102"/>
        <testcase name="testSetAndGetTopic" class="CommentTest" classname="CommentTest" file="/home/ninja/Ninjastic/backend/app/tests/Entity/CommentTest.php" line="31" assertions="1" time="0.000108"/>
        <testcase name="testSetAndgetMessage" class="CommentTest" classname="CommentTest" file="/home/ninja/Ninjastic/backend/app/tests/Entity/CommentTest.php" line="38" assertions="1" time="0.000064"/>
        <testcase name="testSetAndGetOriginal" class="CommentTest" classname="CommentTest" file="/home/ninja/Ninjastic/backend/app/tests/Entity/CommentTest.php" line="45" assertions="1" time="0.000066"/>
        <testcase name="testSetAndGetStatus" class="CommentTest" classname="CommentTest" file="/home/ninja/Ninjastic/backend/app/tests/Entity/CommentTest.php" line="52" assertions="1" time="0.000077"/>
        <testcase name="testShowStatusText" class="CommentTest" classname="CommentTest" file="/home/ninja/Ninjastic/backend/app/tests/Entity/CommentTest.php" line="58" assertions="2" time="0.000070"/>
        <testcase name="testInvalidStatusException" class="CommentTest" classname="CommentTest" file="/home/ninja/Ninjastic/backend/app/tests/Entity/CommentTest.php" line="67" assertions="1" time="0.000616"/>
        <testcase name="testSetAndGetCreatedAt" class="CommentTest" classname="CommentTest" file="/home/ninja/Ninjastic/backend/app/tests/Entity/CommentTest.php" line="73" assertions="1" time="0.000109"/>
        <testcase name="testSetAndGetUpdatedAt" class="CommentTest" classname="CommentTest" file="/home/ninja/Ninjastic/backend/app/tests/Entity/CommentTest.php" line="80" assertions="1" time="0.000058"/>
      </testsuite>
      <testsuite name="DirtyWordTest" file="/home/ninja/Ninjastic/backend/app/tests/Entity/DirtyWordTest.php" tests="4" assertions="5" errors="0" warnings="0" failures="0" skipped="0" time="0.000270">
        <testcase name="testSetAndGetId" class="DirtyWordTest" classname="DirtyWordTest" file="/home/ninja/Ninjastic/backend/app/tests/Entity/DirtyWordTest.php" line="15" assertions="1" time="0.000081"/>
        <testcase name="testSetAndGetWord" class="DirtyWordTest" classname="DirtyWordTest" file="/home/ninja/Ninjastic/backend/app/tests/Entity/DirtyWordTest.php" line="22" assertions="1" time="0.000071"/>
        <testcase name="testSetAndGetType" class="DirtyWordTest" classname="DirtyWordTest" file="/home/ninja/Ninjastic/backend/app/tests/Entity/DirtyWordTest.php" line="29" assertions="1" time="0.000057"/>
        <testcase name="testShowTypeText" class="DirtyWordTest" classname="DirtyWordTest" file="/home/ninja/Ninjastic/backend/app/tests/Entity/DirtyWordTest.php" line="36" assertions="2" time="0.000062"/>
      </testsuite>
      <testsuite name="TopicTest" file="/home/ninja/Ninjastic/backend/app/tests/Entity/TopicTest.php" tests="8" assertions="10" errors="0" warnings="0" failures="0" skipped="0" time="0.001289">
        <testcase name="testSetAndGetId" class="TopicTest" classname="TopicTest" file="/home/ninja/Ninjastic/backend/app/tests/Entity/TopicTest.php" line="17" assertions="1" time="0.000112"/>
        <testcase name="testSetAndGetUser" class="TopicTest" classname="TopicTest" file="/home/ninja/Ninjastic/backend/app/tests/Entity/TopicTest.php" line="24" assertions="1" time="0.000093"/>
        <testcase name="testSetAndGetName" class="TopicTest" classname="TopicTest" file="/home/ninja/Ninjastic/backend/app/tests/Entity/TopicTest.php" line="31" assertions="1" time="0.000083"/>
        <testcase name="testSetAndGetDescription" class="TopicTest" classname="TopicTest" file="/home/ninja/Ninjastic/backend/app/tests/Entity/TopicTest.php" line="38" assertions="1" time="0.000048"/>
        <testcase name="testShowStatusText" class="TopicTest" classname="TopicTest" file="/home/ninja/Ninjastic/backend/app/tests/Entity/TopicTest.php" line="45" assertions="2" time="0.000082"/>
        <testcase name="testSetAndGetCreatedAt" class="TopicTest" classname="TopicTest" file="/home/ninja/Ninjastic/backend/app/tests/Entity/TopicTest.php" line="54" assertions="1" time="0.000072"/>
        <testcase name="testSetAndGetUpdatedAt" class="TopicTest" classname="TopicTest" file="/home/ninja/Ninjastic/backend/app/tests/Entity/TopicTest.php" line="61" assertions="1" time="0.000048"/>
        <testcase name="testAddAndRemoveComment" class="TopicTest" classname="TopicTest" file="/home/ninja/Ninjastic/backend/app/tests/Entity/TopicTest.php" line="68" assertions="2" time="0.000752"/>
      </testsuite>
      <testsuite name="UserTest" file="/home/ninja/Ninjastic/backend/app/tests/Entity/UserTest.php" tests="10" assertions="13" errors="0" warnings="0" failures="0" skipped="0" time="0.001554">
        <testcase name="testSetAndGetId" class="UserTest" classname="UserTest" file="/home/ninja/Ninjastic/backend/app/tests/Entity/UserTest.php" line="17" assertions="1" time="0.000137"/>
        <testcase name="testSetAndGetName" class="UserTest" classname="UserTest" file="/home/ninja/Ninjastic/backend/app/tests/Entity/UserTest.php" line="24" assertions="1" time="0.000128"/>
        <testcase name="testSetAndGetEmail" class="UserTest" classname="UserTest" file="/home/ninja/Ninjastic/backend/app/tests/Entity/UserTest.php" line="31" assertions="1" time="0.000064"/>
        <testcase name="testSetAndGetPassword" class="UserTest" classname="UserTest" file="/home/ninja/Ninjastic/backend/app/tests/Entity/UserTest.php" line="38" assertions="1" time="0.000739"/>
        <testcase name="testShowStatusText" class="UserTest" classname="UserTest" file="/home/ninja/Ninjastic/backend/app/tests/Entity/UserTest.php" line="45" assertions="2" time="0.000111"/>
        <testcase name="testSetAndGetCreatedAt" class="UserTest" classname="UserTest" file="/home/ninja/Ninjastic/backend/app/tests/Entity/UserTest.php" line="54" assertions="1" time="0.000063"/>
        <testcase name="testSetAndGetUpdatedAt" class="UserTest" classname="UserTest" file="/home/ninja/Ninjastic/backend/app/tests/Entity/UserTest.php" line="61" assertions="1" time="0.000067"/>
        <testcase name="testAddAndRemoveTopic" class="UserTest" classname="UserTest" file="/home/ninja/Ninjastic/backend/app/tests/Entity/UserTest.php" line="68" assertions="2" time="0.000100"/>
        <testcase name="testAddAndRemoveComment" class="UserTest" classname="UserTest" file="/home/ninja/Ninjastic/backend/app/tests/Entity/UserTest.php" line="79" assertions="2" time="0.000075"/>
        <testcase name="testSetAndGetRoles" class="UserTest" classname="UserTest" file="/home/ninja/Ninjastic/backend/app/tests/Entity/UserTest.php" line="90" assertions="1" time="0.000068"/>
      </testsuite>
      <testsuite name="AdminFormTypeTest" file="/home/ninja/Ninjastic/backend/app/tests/Form/AdminFormTypeTest.php" tests="2" assertions="9" errors="0" warnings="0" failures="0" skipped="0" time="0.009726">
        <testcase name="testCreateUpdateSuccess" class="AdminFormTypeTest" classname="AdminFormTypeTest" file="/home/ninja/Ninjastic/backend/app/tests/Form/AdminFormTypeTest.php" line="21" assertions="7" time="0.006240"/>
        <testcase name="testCreateUpdateFailureUniqueEmail" class="AdminFormTypeTest" classname="AdminFormTypeTest" file="/home/ninja/Ninjastic/backend/app/tests/Form/AdminFormTypeTest.php" line="50" assertions="2" time="0.003486"/>
      </testsuite>
      <testsuite name="CommentFormTypeTest" file="/home/ninja/Ninjastic/backend/app/tests/Form/CommentFormTypeTest.php" tests="1" assertions="4" errors="0" warnings="0" failures="0" skipped="0" time="0.001445">
        <testcase name="testCreateUpdateSuccess" class="CommentFormTypeTest" classname="CommentFormTypeTest" file="/home/ninja/Ninjastic/backend/app/tests/Form/CommentFormTypeTest.php" line="52" assertions="4" time="0.001445"/>
      </testsuite>
      <testsuite name="DirtyWordFormTypeTest" file="/home/ninja/Ninjastic/backend/app/tests/Form/DirtyWordFormTypeTest.php" tests="1" assertions="7" errors="0" warnings="0" failures="0" skipped="0" time="0.000513">
        <testcase name="testCreateUpdateSuccess" class="DirtyWordFormTypeTest" classname="DirtyWordFormTypeTest" file="/home/ninja/Ninjastic/backend/app/tests/Form/DirtyWordFormTypeTest.php" line="20" assertions="7" time="0.000513"/>
      </testsuite>
      <testsuite name="TopicFormTypeTest" file="/home/ninja/Ninjastic/backend/app/tests/Form/TopicFormTypeTest.php" tests="1" assertions="6" errors="0" warnings="0" failures="0" skipped="0" time="0.000741">
        <testcase name="testCreateUpdateSuccess" class="TopicFormTypeTest" classname="TopicFormTypeTest" file="/home/ninja/Ninjastic/backend/app/tests/Form/TopicFormTypeTest.php" line="29" assertions="6" time="0.000741"/>
      </testsuite>
      <testsuite name="UserFormTypeTest" file="/home/ninja/Ninjastic/backend/app/tests/Form/UserFormTypeTest.php" tests="2" assertions="9" errors="0" warnings="0" failures="0" skipped="0" time="0.003491">
        <testcase name="testCreateUpdateSuccess" class="UserFormTypeTest" classname="UserFormTypeTest" file="/home/ninja/Ninjastic/backend/app/tests/Form/UserFormTypeTest.php" line="21" assertions="7" time="0.001628"/>
        <testcase name="testCreateUpdateWithDuplicateEmail" class="UserFormTypeTest" classname="UserFormTypeTest" file="/home/ninja/Ninjastic/backend/app/tests/Form/UserFormTypeTest.php" line="50" assertions="2" time="0.001863"/>
      </testsuite>
      <testsuite name="AdminHtmlDetailsTest" file="/home/ninja/Ninjastic/backend/app/tests/Helper/AdminHtmlDetailsTest.php" tests="2" assertions="8" errors="0" warnings="0" failures="0" skipped="0" time="0.000331">
        <testcase name="testSetDefaultAndExtraParameter" class="AdminHtmlDetailsTest" classname="AdminHtmlDetailsTest" file="/home/ninja/Ninjastic/backend/app/tests/Helper/AdminHtmlDetailsTest.php" line="20" assertions="6" time="0.000197"/>
        <testcase name="testCheckStayPage" class="AdminHtmlDetailsTest" classname="AdminHtmlDetailsTest" file="/home/ninja/Ninjastic/backend/app/tests/Helper/AdminHtmlDetailsTest.php" line="34" assertions="2" time="0.000134"/>
      </testsuite>
      <testsuite name="FlashBagTest" file="/home/ninja/Ninjastic/backend/app/tests/Helper/FlashBagTest.php" tests="2" assertions="4" errors="0" warnings="0" failures="0" skipped="0" time="0.000179">
        <testcase name="testSetAndGetFlashBag" class="FlashBagTest" classname="FlashBagTest" file="/home/ninja/Ninjastic/backend/app/tests/Helper/FlashBagTest.php" line="15" assertions="3" time="0.000109"/>
        <testcase name="testDefaultGetValue" class="FlashBagTest" classname="FlashBagTest" file="/home/ninja/Ninjastic/backend/app/tests/Helper/FlashBagTest.php" line="26" assertions="1" time="0.000070"/>
      </testsuite>
      <testsuite name="ValidationErrorHelperTest" file="/home/ninja/Ninjastic/backend/app/tests/Helper/ValidationErrorHelperTest.php" tests="1" assertions="1" errors="0" warnings="0" failures="0" skipped="0" time="0.003955">
        <testcase name="testGetTransformedErrors" class="ValidationErrorHelperTest" classname="ValidationErrorHelperTest" file="/home/ninja/Ninjastic/backend/app/tests/Helper/ValidationErrorHelperTest.php" line="10" assertions="1" time="0.003955"/>
      </testsuite>
      <testsuite name="ValidatorEConvMessageTest" file="/home/ninja/Ninjastic/backend/app/tests/Helper/ValidatorEConvMessageTest.php" tests="1" assertions="5" errors="0" warnings="0" failures="0" skipped="0" time="0.000517">
        <testcase name="testReplaceErrorToMessage" class="ValidatorEConvMessageTest" classname="ValidatorEConvMessageTest" file="/home/ninja/Ninjastic/backend/app/tests/Helper/ValidatorEConvMessageTest.php" line="8" assertions="5" time="0.000517"/>
      </testsuite>
      <testsuite name="ValidatorTest" file="/home/ninja/Ninjastic/backend/app/tests/Helper/ValidatorTest.php" tests="20" assertions="21" errors="0" warnings="0" failures="0" skipped="0" time="0.004296">
        <testcase name="testAddRuleAndValidate" class="ValidatorTest" classname="ValidatorTest" file="/home/ninja/Ninjastic/backend/app/tests/Helper/ValidatorTest.php" line="8" assertions="1" time="0.001076"/>
        <testcase name="testAddFilterAndValidate" class="ValidatorTest" classname="ValidatorTest" file="/home/ninja/Ninjastic/backend/app/tests/Helper/ValidatorTest.php" line="17" assertions="1" time="0.000151"/>
        <testcase name="testAddDefaultRuleAndValidate" class="ValidatorTest" classname="ValidatorTest" file="/home/ninja/Ninjastic/backend/app/tests/Helper/ValidatorTest.php" line="29" assertions="1" time="0.000107"/>
        <testcase name="testValidationErrors" class="ValidatorTest" classname="ValidatorTest" file="/home/ninja/Ninjastic/backend/app/tests/Helper/ValidatorTest.php" line="38" assertions="2" time="0.000124"/>
        <testcase name="testNotEmptyValidation" class="ValidatorTest" classname="ValidatorTest" file="/home/ninja/Ninjastic/backend/app/tests/Helper/ValidatorTest.php" line="51" assertions="1" time="0.000084"/>
        <testcase name="testNumberValidation" class="ValidatorTest" classname="ValidatorTest" file="/home/ninja/Ninjastic/backend/app/tests/Helper/ValidatorTest.php" line="58" assertions="1" time="0.000078"/>
        <testcase name="testTrimFilter" class="ValidatorTest" classname="ValidatorTest" file="/home/ninja/Ninjastic/backend/app/tests/Helper/ValidatorTest.php" line="65" assertions="1" time="0.000077"/>
        <testcase name="testStripTagsFilter" class="ValidatorTest" classname="ValidatorTest" file="/home/ninja/Ninjastic/backend/app/tests/Helper/ValidatorTest.php" line="73" assertions="1" time="0.000078"/>
        <testcase name="testUnFormatCSVPriceFilter" class="ValidatorTest" classname="ValidatorTest" file="/home/ninja/Ninjastic/backend/app/tests/Helper/ValidatorTest.php" line="81" assertions="1" time="0.000078"/>
        <testcase name="testCreditCardValidation" class="ValidatorTest" classname="ValidatorTest" file="/home/ninja/Ninjastic/backend/app/tests/Helper/ValidatorTest.php" line="89" assertions="1" time="0.000211"/>
        <testcase name="testPhoneLengthValidation" class="ValidatorTest" classname="ValidatorTest" file="/home/ninja/Ninjastic/backend/app/tests/Helper/ValidatorTest.php" line="96" assertions="1" time="0.000083"/>
        <testcase name="testErrorList" class="ValidatorTest" classname="ValidatorTest" file="/home/ninja/Ninjastic/backend/app/tests/Helper/ValidatorTest.php" line="103" assertions="1" time="0.000101"/>
        <testcase name="testErrorMessages" class="ValidatorTest" classname="ValidatorTest" file="/home/ninja/Ninjastic/backend/app/tests/Helper/ValidatorTest.php" line="111" assertions="1" time="0.000080"/>
        <testcase name="testEmailValidation" class="ValidatorTest" classname="ValidatorTest" file="/home/ninja/Ninjastic/backend/app/tests/Helper/ValidatorTest.php" line="119" assertions="1" time="0.001145"/>
        <testcase name="testAlphaValidation" class="ValidatorTest" classname="ValidatorTest" file="/home/ninja/Ninjastic/backend/app/tests/Helper/ValidatorTest.php" line="126" assertions="1" time="0.000144"/>
        <testcase name="testAlphaNumericValidation" class="ValidatorTest" classname="ValidatorTest" file="/home/ninja/Ninjastic/backend/app/tests/Helper/ValidatorTest.php" line="133" assertions="1" time="0.000088"/>
        <testcase name="testDateValidation" class="ValidatorTest" classname="ValidatorTest" file="/home/ninja/Ninjastic/backend/app/tests/Helper/ValidatorTest.php" line="140" assertions="1" time="0.000102"/>
        <testcase name="testUrlValidation" class="ValidatorTest" classname="ValidatorTest" file="/home/ninja/Ninjastic/backend/app/tests/Helper/ValidatorTest.php" line="147" assertions="1" time="0.000314"/>
        <testcase name="testMinLengthValidation" class="ValidatorTest" classname="ValidatorTest" file="/home/ninja/Ninjastic/backend/app/tests/Helper/ValidatorTest.php" line="154" assertions="1" time="0.000093"/>
        <testcase name="testMaxLengthValidation" class="ValidatorTest" classname="ValidatorTest" file="/home/ninja/Ninjastic/backend/app/tests/Helper/ValidatorTest.php" line="161" assertions="1" time="0.000081"/>
      </testsuite>
      <testsuite name="App\Tests\Service\WordCensorTest" file="/home/ninja/Ninjastic/backend/app/tests/Service/WordCensorTest.php" tests="1" assertions="3" errors="0" warnings="0" failures="0" skipped="0" time="0.005836">
        <testcase name="testCensorWords" class="App\Tests\Service\WordCensorTest" classname="App.Tests.Service.WordCensorTest" file="/home/ninja/Ninjastic/backend/app/tests/Service/WordCensorTest.php" line="28" assertions="3" time="0.005836"/>
      </testsuite>
      <testsuite name="App\Tests\Service\XmlProcessorTest" file="/home/ninja/Ninjastic/backend/app/tests/Service/XmlProcessorTest.php" tests="1" assertions="1" errors="0" warnings="0" failures="0" skipped="0" time="0.003046">
        <testcase name="testProcess" class="App\Tests\Service\XmlProcessorTest" classname="App.Tests.Service.XmlProcessorTest" file="/home/ninja/Ninjastic/backend/app/tests/Service/XmlProcessorTest.php" line="21" assertions="1" time="0.003046"/>
      </testsuite>
      <testsuite name="App\Tests\Twig\AppExtensionTest" file="/home/ninja/Ninjastic/backend/app/tests/Twig/AppExtensionTest.php" tests="5" assertions="12" errors="0" warnings="0" failures="0" skipped="0" time="0.002772">
        <testcase name="testGetTests" class="App\Tests\Twig\AppExtensionTest" classname="App.Tests.Twig.AppExtensionTest" file="/home/ninja/Ninjastic/backend/app/tests/Twig/AppExtensionTest.php" line="24" assertions="3" time="0.001637"/>
        <testcase name="testGetFunctions" class="App\Tests\Twig\AppExtensionTest" classname="App.Tests.Twig.AppExtensionTest" file="/home/ninja/Ninjastic/backend/app/tests/Twig/AppExtensionTest.php" line="35" assertions="4" time="0.000642"/>
        <testcase name="testGetHostNameMain" class="App\Tests\Twig\AppExtensionTest" classname="App.Tests.Twig.AppExtensionTest" file="/home/ninja/Ninjastic/backend/app/tests/Twig/AppExtensionTest.php" line="46" assertions="1" time="0.000130"/>
        <testcase name="testCheckStayPage" class="App\Tests\Twig\AppExtensionTest" classname="App.Tests.Twig.AppExtensionTest" file="/home/ninja/Ninjastic/backend/app/tests/Twig/AppExtensionTest.php" line="53" assertions="3" time="0.000114"/>
        <testcase name="testPathUrl" class="App\Tests\Twig\AppExtensionTest" classname="App.Tests.Twig.AppExtensionTest" file="/home/ninja/Ninjastic/backend/app/tests/Twig/AppExtensionTest.php" line="68" assertions="1" time="0.000249"/>
      </testsuite>
    </testsuite>
  </testsuite>
</testsuites>
